<?xml version="1.0" encoding="UTF-8"?>
<!-- Generated by org.testng.reporters.JUnitReportReporter -->
<testsuite hostname="LAPTOP-RK4E0QFO" failures="0" tests="3" name="com.OrangeHRM.TestCases.TC_002_DataProvider" time="14.201" errors="0" timestamp="2022-05-20T23:10:28 IST" skipped="0">
  <testcase classname="com.OrangeHRM.TestCases.TC_002_DataProvider" name="dataProvideLoginCheck" time="2.468"/>
  <system-out/>
  <testcase classname="com.OrangeHRM.TestCases.TC_002_DataProvider" name="dataProvideLoginCheck" time="8.179"/>
  <system-out/>
  <testcase classname="com.OrangeHRM.TestCases.TC_002_DataProvider" name="dataProvideLoginCheck" time="3.554"/>
  <system-out/>
</testsuite> <!-- com.OrangeHRM.TestCases.TC_002_DataProvider -->
