<?xml version="1.0" encoding="UTF-8"?>
<!-- Generated by org.testng.reporters.JUnitReportReporter -->
<testsuite hostname="LAPTOP-RK4E0QFO" failures="0" tests="3" name="com.OrangeHRM.TestCases.TC_0001_LoginCheckHRM" time="10.256" errors="0" timestamp="2022-05-20T22:57:33 IST" skipped="0">
  <testcase classname="com.OrangeHRM.TestCases.TC_0001_LoginCheckHRM" name="loginCheck" time="5.812"/>
  <system-out/>
  <testcase classname="com.OrangeHRM.TestCases.TC_0001_LoginCheckHRM" name="personalDetailsPage" time="0.328"/>
  <system-out/>
  <testcase classname="com.OrangeHRM.TestCases.TC_0001_LoginCheckHRM" name="addEmployee" time="4.116"/>
  <system-out/>
</testsuite> <!-- com.OrangeHRM.TestCases.TC_0001_LoginCheckHRM -->
