<?xml version="1.0" encoding="UTF-8"?>
<!-- Generated by org.testng.reporters.JUnitReportReporter -->
<testsuite hostname="LAPTOP-RK4E0QFO" failures="0" tests="3" name="com.OrangeHRM.TestCases.TC_002_DataProvider" time="18.399" errors="0" timestamp="2022-07-22T19:45:44 IST" skipped="0">
  <testcase classname="com.OrangeHRM.TestCases.TC_002_DataProvider" name="dataProvideLoginCheck" time="9.118"/>
  <system-out/>
  <testcase classname="com.OrangeHRM.TestCases.TC_002_DataProvider" name="dataProvideLoginCheck" time="5.989"/>
  <system-out/>
  <testcase classname="com.OrangeHRM.TestCases.TC_002_DataProvider" name="dataProvideLoginCheck" time="3.292"/>
  <system-out/>
</testsuite> <!-- com.OrangeHRM.TestCases.TC_002_DataProvider -->
