<?xml version="1.0" encoding="UTF-8"?>
<!-- Generated by org.testng.reporters.JUnitReportReporter -->
<testsuite hostname="LAPTOP-RK4E0QFO" failures="0" tests="2" name="com.OrangeHRM.TestCases.TC_0001_LoginCheckHRM" time="8.882" errors="0" timestamp="2022-05-22T19:21:25 IST" skipped="0">
  <testcase classname="com.OrangeHRM.TestCases.TC_0001_LoginCheckHRM" name="loginCheck" time="4.151"/>
  <system-out/>
  <testcase classname="com.OrangeHRM.TestCases.TC_0001_LoginCheckHRM" name="checkEmployeeStatus" time="4.731"/>
  <system-out/>
</testsuite> <!-- com.OrangeHRM.TestCases.TC_0001_LoginCheckHRM -->
