<?xml version="1.0" encoding="UTF-8"?>
<!-- Generated by org.testng.reporters.JUnitReportReporter -->
<testsuite hostname="LAPTOP-RK4E0QFO" failures="0" tests="1" name="com.OrangeHRM.TestCases.TC_0001_LoginCheckHRM" time="19.283" errors="0" timestamp="2023-01-26T10:31:15 IST" skipped="0">
  <testcase classname="com.OrangeHRM.TestCases.TC_0001_LoginCheckHRM" name="addEmployee" time="19.283"/>
  <system-out/>
</testsuite> <!-- com.OrangeHRM.TestCases.TC_0001_LoginCheckHRM -->
