<?xml version="1.0" encoding="UTF-8"?>
<!-- Generated by org.testng.reporters.JUnitReportReporter -->
<testsuite hostname="LAPTOP-RK4E0QFO" failures="0" tests="2" name="com.OrangeHRM.TestCases.TC_0001_LoginCheckHRM" time="11.734" errors="0" timestamp="2022-07-30T11:20:47 IST" skipped="0">
  <testcase classname="com.OrangeHRM.TestCases.TC_0001_LoginCheckHRM" name="loginPageCheck" time="5.485"/>
  <system-out/>
  <testcase classname="com.OrangeHRM.TestCases.TC_0001_LoginCheckHRM" name="addEmployee" time="6.249"/>
  <system-out/>
</testsuite> <!-- com.OrangeHRM.TestCases.TC_0001_LoginCheckHRM -->
