<?xml version="1.0" encoding="UTF-8"?>
<!-- Generated by org.testng.reporters.JUnitReportReporter -->
<testsuite hostname="LAPTOP-RK4E0QFO" failures="0" tests="3" name="com.OrangeHRM.TestCases.TC_0001_LoginCheckHRM" time="13.966" errors="0" timestamp="2022-05-21T00:00:23 IST" skipped="0">
  <testcase classname="com.OrangeHRM.TestCases.TC_0001_LoginCheckHRM" name="addEmployee" time="6.227"/>
  <system-out/>
  <testcase classname="com.OrangeHRM.TestCases.TC_0001_LoginCheckHRM" name="loginCheck" time="7.181"/>
  <system-out/>
  <testcase classname="com.OrangeHRM.TestCases.TC_0001_LoginCheckHRM" name="personalDetailsPage" time="0.558"/>
  <system-out/>
</testsuite> <!-- com.OrangeHRM.TestCases.TC_0001_LoginCheckHRM -->
