<?xml version="1.0" encoding="UTF-8"?>
<!-- Generated by org.testng.reporters.JUnitReportReporter -->
<testsuite hostname="LAPTOP-RK4E0QFO" failures="0" tests="2" name="com.OrangeHRM.TestCases.TC_003_Admin_Job_EmployeeStatus" time="8.355" errors="0" timestamp="2022-07-30T11:59:20 IST" skipped="0">
  <testcase classname="com.OrangeHRM.TestCases.TC_003_Admin_Job_EmployeeStatus" name="loginPageCheck" time="4.142"/>
  <system-out/>
  <testcase classname="com.OrangeHRM.TestCases.TC_003_Admin_Job_EmployeeStatus" name="checkEmployeeStatus" time="4.213"/>
  <system-out/>
</testsuite> <!-- com.OrangeHRM.TestCases.TC_003_Admin_Job_EmployeeStatus -->
